[debug] [2022-08-25T00:13:16.775Z] ----------------------------------------------------------------------
[debug] [2022-08-25T00:13:16.776Z] Command:       C:\Program Files\nodejs\node.exe C:\Users\Kevin\AppData\Roaming\npm\node_modules\firebase-tools\lib\bin\firebase.js init
[debug] [2022-08-25T00:13:16.777Z] CLI Version:   11.8.0
[debug] [2022-08-25T00:13:16.777Z] Platform:      win32
[debug] [2022-08-25T00:13:16.777Z] Node Version:  v16.15.1
[debug] [2022-08-25T00:13:16.778Z] Time:          Wed Aug 24 2022 17:13:16 GMT-0700 (Pacific Daylight Time)
[debug] [2022-08-25T00:13:16.778Z] ----------------------------------------------------------------------
[debug] 
[debug] [2022-08-25T00:13:16.820Z] > command requires scopes: ["email","openid","https://www.googleapis.com/auth/cloudplatformprojects.readonly","https://www.googleapis.com/auth/firebase","https://www.googleapis.com/auth/cloud-platform"]
[debug] [2022-08-25T00:13:16.820Z] > authorizing via signed-in user (kevinlaird16@gmail.com)
[info] 
     ######## #### ########  ######## ########     ###     ######  ########
     ##        ##  ##     ## ##       ##     ##  ##   ##  ##       ##
     ######    ##  ########  ######   ########  #########  ######  ######
     ##        ##  ##    ##  ##       ##     ## ##     ##       ## ##
     ##       #### ##     ## ######## ########  ##     ##  ######  ########

You're about to initialize a Firebase project in this directory:

  C:\Users\Kevin\Documents\projects\personal_projects\SeattleCommander2022

Before we get started, keep in mind:

  * You are initializing within an existing Firebase project directory

[info] 
=== Project Setup
[info] 
[info] First, let's associate this project directory with a Firebase project.
[info] You can create multiple project aliases by running firebase use --add, 
[info] but for now we'll just set up a default project.
[info] 
[debug] [2022-08-25T00:13:22.405Z] Using project from CLI flag: seattle-commander
[debug] [2022-08-25T00:13:22.407Z] >>> [apiv2][query] GET https://firebase.googleapis.com/v1beta1/projects/seattle-commander [none]
[debug] [2022-08-25T00:13:22.672Z] <<< [apiv2][status] GET https://firebase.googleapis.com/v1beta1/projects/seattle-commander 200
[debug] [2022-08-25T00:13:22.672Z] <<< [apiv2][body] GET https://firebase.googleapis.com/v1beta1/projects/seattle-commander {"projectId":"seattle-commander","projectNumber":"13778178047","displayName":"seattle-commander","name":"projects/seattle-commander","resources":{"hostingSite":"seattle-commander","realtimeDatabaseInstance":"seattle-commander"},"state":"ACTIVE","etag":"1_6219c883-d01d-43a7-9d24-df9a904c9a60"}
[info] i  Using project seattle-commander (seattle-commander) 
[info] 
=== Hosting Setup
[info] 
[info] Your public directory is the folder (relative to your project directory) that
[info] will contain Hosting assets to be uploaded with firebase deploy. If you
[info] have a build process for your assets, use your build's output directory.
[info] 
[debug] [2022-08-25T00:13:34.487Z] >>> [apiv2][query] GET https://www.gstatic.com/firebasejs/releases.json [none]
[debug] [2022-08-25T00:13:34.523Z] <<< [apiv2][status] GET https://www.gstatic.com/firebasejs/releases.json 200
[debug] [2022-08-25T00:13:34.523Z] <<< [apiv2][body] GET https://www.gstatic.com/firebasejs/releases.json {"current":{"version":"9.9.3","browserURL":"https://www.gstatic.com/firebasejs/9.9.3/firebase.js","packageURL":"https://www.gstatic.com/firebasejs/9.9.3/firebase.tgz"},"live":{"version":"9.9","browserURL":"https://www.gstatic.com/firebasejs/live/9.9/firebase.js","packageURL":"https://www.gstatic.com/firebasejs/live/9.9/firebase.tgz"},"components":{"analytics":"https://www.gstatic.com/firebasejs/9.9.3/firebase-analytics.js","app":"https://www.gstatic.com/firebasejs/9.9.3/firebase-app.js","app-check":"https://www.gstatic.com/firebasejs/9.9.3/firebase-app-check.js","auth":"https://www.gstatic.com/firebasejs/9.9.3/firebase-auth.js","auth/cordova":"https://www.gstatic.com/firebasejs/9.9.3/firebase-auth/cordova.js","auth/react-native":"https://www.gstatic.com/firebasejs/9.9.3/firebase-auth/react-native.js","functions":"https://www.gstatic.com/firebasejs/9.9.3/firebase-functions.js","firestore":"https://www.gstatic.com/firebasejs/9.9.3/firebase-firestore.js","firestore/lite":"https://www.gstatic.com/firebasejs/9.9.3/firebase-firestore/lite.js","installations":"https://www.gstatic.com/firebasejs/9.9.3/firebase-installations.js","storage":"https://www.gstatic.com/firebasejs/9.9.3/firebase-storage.js","performance":"https://www.gstatic.com/firebasejs/9.9.3/firebase-performance.js","remote-config":"https://www.gstatic.com/firebasejs/9.9.3/firebase-remote-config.js","messaging":"https://www.gstatic.com/firebasejs/9.9.3/firebase-messaging.js","messaging/sw":"https://www.gstatic.com/firebasejs/9.9.3/firebase-messaging/sw.js","database":"https://www.gstatic.com/firebasejs/9.9.3/firebase-database.js","firestore.memory":"https://www.gstatic.com/firebasejs/9.9.3/firebase-firestore.memory.js"}}
